2023-02-05 14:23:32,180 - mmcls - INFO - Environment info:
------------------------------------------------------------
sys.platform: linux
Python: 3.8.16 (default, Jan 17 2023, 23:13:24) [GCC 11.2.0]
CUDA available: True
GPU 0: NVIDIA GeForce RTX 3060
CUDA_HOME: /usr/local/cuda-11.3
NVCC: Cuda compilation tools, release 11.3, V11.3.109
GCC: gcc (Ubuntu 9.4.0-1ubuntu1~20.04.1) 9.4.0
PyTorch: 1.10.0
PyTorch compiling details: PyTorch built with:
  - GCC 7.3
  - C++ Version: 201402
  - Intel(R) oneAPI Math Kernel Library Version 2021.4-Product Build 20210904 for Intel(R) 64 architecture applications
  - Intel(R) MKL-DNN v2.2.3 (Git Hash 7336ca9f055cf1bfa13efb658fe15dc9b41f0740)
  - OpenMP 201511 (a.k.a. OpenMP 4.5)
  - LAPACK is enabled (usually provided by MKL)
  - NNPACK is enabled
  - CPU capability usage: AVX512
  - CUDA Runtime 11.3
  - NVCC architecture flags: -gencode;arch=compute_37,code=sm_37;-gencode;arch=compute_50,code=sm_50;-gencode;arch=compute_60,code=sm_60;-gencode;arch=compute_61,code=sm_61;-gencode;arch=compute_70,code=sm_70;-gencode;arch=compute_75,code=sm_75;-gencode;arch=compute_80,code=sm_80;-gencode;arch=compute_86,code=sm_86;-gencode;arch=compute_37,code=compute_37
  - CuDNN 8.2
  - Magma 2.5.2
  - Build settings: BLAS_INFO=mkl, BUILD_TYPE=Release, CUDA_VERSION=11.3, CUDNN_VERSION=8.2.0, CXX_COMPILER=/opt/rh/devtoolset-7/root/usr/bin/c++, CXX_FLAGS= -Wno-deprecated -fvisibility-inlines-hidden -DUSE_PTHREADPOOL -fopenmp -DNDEBUG -DUSE_KINETO -DUSE_FBGEMM -DUSE_QNNPACK -DUSE_PYTORCH_QNNPACK -DUSE_XNNPACK -DSYMBOLICATE_MOBILE_DEBUG_HANDLE -DEDGE_PROFILER_USE_KINETO -O2 -fPIC -Wno-narrowing -Wall -Wextra -Werror=return-type -Wno-missing-field-initializers -Wno-type-limits -Wno-array-bounds -Wno-unknown-pragmas -Wno-sign-compare -Wno-unused-parameter -Wno-unused-variable -Wno-unused-function -Wno-unused-result -Wno-unused-local-typedefs -Wno-strict-overflow -Wno-strict-aliasing -Wno-error=deprecated-declarations -Wno-stringop-overflow -Wno-psabi -Wno-error=pedantic -Wno-error=redundant-decls -Wno-error=old-style-cast -fdiagnostics-color=always -faligned-new -Wno-unused-but-set-variable -Wno-maybe-uninitialized -fno-math-errno -fno-trapping-math -Werror=format -Wno-stringop-overflow, LAPACK_INFO=mkl, PERF_WITH_AVX=1, PERF_WITH_AVX2=1, PERF_WITH_AVX512=1, TORCH_VERSION=1.10.0, USE_CUDA=ON, USE_CUDNN=ON, USE_EXCEPTION_PTR=1, USE_GFLAGS=OFF, USE_GLOG=OFF, USE_MKL=ON, USE_MKLDNN=ON, USE_MPI=OFF, USE_NCCL=ON, USE_NNPACK=ON, USE_OPENMP=ON, 

TorchVision: 0.11.0
OpenCV: 4.7.0
MMCV: 1.7.1
MMCV Compiler: GCC 9.3
MMCV CUDA Compiler: 11.3
MMClassification: 0.25.0+3d4f80d
------------------------------------------------------------

2023-02-05 14:23:32,180 - mmcls - INFO - Distributed training: False
2023-02-05 14:23:32,248 - mmcls - INFO - Config:
model = dict(
    type='ImageClassifier',
    backbone=dict(
        type='MobileNetV2',
        widen_factor=1.0,
        init_cfg=dict(
            type='Pretrained',
            checkpoint=
            './ckpt/mobilenet_v2_batch256_imagenet_20200708-3b2dc3af.pth',
            prefix='backbone')),
    neck=dict(type='GlobalAveragePooling'),
    head=dict(
        type='LinearClsHead',
        num_classes=5,
        in_channels=1280,
        loss=dict(type='CrossEntropyLoss', loss_weight=1.0),
        topk=(1, 5)))
dataset_type = 'ImageNet'
img_norm_cfg = dict(
    mean=[125.307, 122.961, 113.8575],
    std=[51.5865, 50.847, 51.255],
    to_rgb=False)
train_pipeline = [
    dict(type='RandomCrop', size=32, padding=4),
    dict(type='RandomFlip', flip_prob=0.5, direction='horizontal'),
    dict(type='Resize', size=224),
    dict(
        type='Normalize',
        mean=[125.307, 122.961, 113.8575],
        std=[51.5865, 50.847, 51.255],
        to_rgb=False),
    dict(type='ImageToTensor', keys=['img']),
    dict(type='ToTensor', keys=['gt_label']),
    dict(type='Collect', keys=['img', 'gt_label'])
]
test_pipeline = [
    dict(type='Resize', size=224),
    dict(
        type='Normalize',
        mean=[125.307, 122.961, 113.8575],
        std=[51.5865, 50.847, 51.255],
        to_rgb=False),
    dict(type='ImageToTensor', keys=['img']),
    dict(type='Collect', keys=['img'])
]
data = dict(
    samples_per_gpu=32,
    workers_per_gpu=2,
    train=dict(
        type='ImageNet',
        data_prefix='data/imagenet/train',
        pipeline=[
            dict(type='LoadImageFromFile'),
            dict(type='RandomResizedCrop', size=224, backend='pillow'),
            dict(type='RandomFlip', flip_prob=0.5, direction='horizontal'),
            dict(
                type='Normalize',
                mean=[123.675, 116.28, 103.53],
                std=[58.395, 57.12, 57.375],
                to_rgb=True),
            dict(type='ImageToTensor', keys=['img']),
            dict(type='ToTensor', keys=['gt_label']),
            dict(type='Collect', keys=['img', 'gt_label'])
        ]),
    val=dict(
        type='ImageNet',
        data_prefix='data/imagenet/val',
        ann_file='data/imagenet/meta/val.txt',
        pipeline=[
            dict(type='LoadImageFromFile'),
            dict(type='Resize', size=(256, -1), backend='pillow'),
            dict(type='CenterCrop', crop_size=224),
            dict(
                type='Normalize',
                mean=[123.675, 116.28, 103.53],
                std=[58.395, 57.12, 57.375],
                to_rgb=True),
            dict(type='ImageToTensor', keys=['img']),
            dict(type='Collect', keys=['img'])
        ]),
    test=dict(
        type='ImageNet',
        data_prefix='data/imagenet/val',
        ann_file='data/imagenet/meta/val.txt',
        pipeline=[
            dict(type='LoadImageFromFile'),
            dict(type='Resize', size=(256, -1), backend='pillow'),
            dict(type='CenterCrop', crop_size=224),
            dict(
                type='Normalize',
                mean=[123.675, 116.28, 103.53],
                std=[58.395, 57.12, 57.375],
                to_rgb=True),
            dict(type='ImageToTensor', keys=['img']),
            dict(type='Collect', keys=['img'])
        ]))
evaluation = dict(interval=1, metric='accuracy')
checkpoint_config = dict(interval=1)
log_config = dict(interval=100, hooks=[dict(type='TextLoggerHook')])
dist_params = dict(backend='nccl')
log_level = 'INFO'
load_from = None
resume_from = None
workflow = [('train', 1)]
optimizer = dict(type='SGD', lr=0.01, momentum=0.9, weight_decay=0.0001)
optimizer_config = dict(grad_clip=None)
lr_config = dict(policy='step', step=[15])
runner = dict(type='EpochBasedRunner', max_epochs=200)
work_dir = './work_dirs/flower_classification'
gpu_ids = [0]

2023-02-05 14:23:32,248 - mmcls - INFO - Set random seed to 189580919, deterministic: False
2023-02-05 14:23:34,349 - mmcls - INFO - Start running, host: zyq@zyq-System-Product-Name, work_dir: /home/zyq/mmclassification/work_dirs/flower_classification
2023-02-05 14:23:34,349 - mmcls - INFO - Hooks will be executed in the following order:
before_run:
(VERY_HIGH   ) StepLrUpdaterHook                  
(NORMAL      ) CheckpointHook                     
(LOW         ) EvalHook                           
(VERY_LOW    ) TextLoggerHook                     
 -------------------- 
before_train_epoch:
(VERY_HIGH   ) StepLrUpdaterHook                  
(LOW         ) IterTimerHook                      
(LOW         ) EvalHook                           
(VERY_LOW    ) TextLoggerHook                     
 -------------------- 
before_train_iter:
(VERY_HIGH   ) StepLrUpdaterHook                  
(LOW         ) IterTimerHook                      
(LOW         ) EvalHook                           
 -------------------- 
after_train_iter:
(ABOVE_NORMAL) OptimizerHook                      
(NORMAL      ) CheckpointHook                     
(LOW         ) IterTimerHook                      
(LOW         ) EvalHook                           
(VERY_LOW    ) TextLoggerHook                     
 -------------------- 
after_train_epoch:
(NORMAL      ) CheckpointHook                     
(LOW         ) EvalHook                           
(VERY_LOW    ) TextLoggerHook                     
 -------------------- 
before_val_epoch:
(LOW         ) IterTimerHook                      
(VERY_LOW    ) TextLoggerHook                     
 -------------------- 
before_val_iter:
(LOW         ) IterTimerHook                      
 -------------------- 
after_val_iter:
(LOW         ) IterTimerHook                      
 -------------------- 
after_val_epoch:
(VERY_LOW    ) TextLoggerHook                     
 -------------------- 
after_run:
(VERY_LOW    ) TextLoggerHook                     
 -------------------- 
2023-02-05 14:23:34,349 - mmcls - INFO - workflow: [('train', 1)], max: 200 epochs
2023-02-05 14:23:34,349 - mmcls - INFO - Checkpoints will be saved to /home/zyq/mmclassification/work_dirs/flower_classification by HardDiskBackend.
2023-02-05 14:23:53,295 - mmcls - INFO - Saving checkpoint at 1 epochs
2023-02-05 14:23:54,228 - mmcls - INFO - Epoch(val) [1][18]	accuracy_top-1: 40.9091, accuracy_top-5: 100.0000
2023-02-05 14:24:02,475 - mmcls - INFO - Saving checkpoint at 2 epochs
2023-02-05 14:24:03,270 - mmcls - INFO - Epoch(val) [2][18]	accuracy_top-1: 81.1189, accuracy_top-5: 100.0000
2023-02-05 14:24:11,191 - mmcls - INFO - Saving checkpoint at 3 epochs
2023-02-05 14:24:11,993 - mmcls - INFO - Epoch(val) [3][18]	accuracy_top-1: 77.0979, accuracy_top-5: 100.0000
2023-02-05 14:24:20,036 - mmcls - INFO - Saving checkpoint at 4 epochs
2023-02-05 14:24:20,828 - mmcls - INFO - Epoch(val) [4][18]	accuracy_top-1: 82.3427, accuracy_top-5: 100.0000
2023-02-05 14:24:29,000 - mmcls - INFO - Saving checkpoint at 5 epochs
2023-02-05 14:24:29,830 - mmcls - INFO - Epoch(val) [5][18]	accuracy_top-1: 70.1049, accuracy_top-5: 100.0000
2023-02-05 14:24:37,813 - mmcls - INFO - Saving checkpoint at 6 epochs
2023-02-05 14:24:38,620 - mmcls - INFO - Epoch(val) [6][18]	accuracy_top-1: 87.2378, accuracy_top-5: 100.0000
2023-02-05 14:24:46,538 - mmcls - INFO - Saving checkpoint at 7 epochs
2023-02-05 14:24:47,340 - mmcls - INFO - Epoch(val) [7][18]	accuracy_top-1: 84.9650, accuracy_top-5: 100.0000
2023-02-05 14:24:55,250 - mmcls - INFO - Saving checkpoint at 8 epochs
2023-02-05 14:24:56,043 - mmcls - INFO - Epoch(val) [8][18]	accuracy_top-1: 89.1608, accuracy_top-5: 100.0000
2023-02-05 14:25:03,957 - mmcls - INFO - Saving checkpoint at 9 epochs
2023-02-05 14:25:04,751 - mmcls - INFO - Epoch(val) [9][18]	accuracy_top-1: 90.0350, accuracy_top-5: 100.0000
2023-02-05 14:25:12,661 - mmcls - INFO - Saving checkpoint at 10 epochs
2023-02-05 14:25:13,450 - mmcls - INFO - Epoch(val) [10][18]	accuracy_top-1: 89.3357, accuracy_top-5: 100.0000
2023-02-05 14:25:21,722 - mmcls - INFO - Saving checkpoint at 11 epochs
2023-02-05 14:25:22,546 - mmcls - INFO - Epoch(val) [11][18]	accuracy_top-1: 90.5594, accuracy_top-5: 100.0000
2023-02-05 14:25:30,847 - mmcls - INFO - Saving checkpoint at 12 epochs
2023-02-05 14:25:31,661 - mmcls - INFO - Epoch(val) [12][18]	accuracy_top-1: 91.4336, accuracy_top-5: 100.0000
2023-02-05 14:25:39,613 - mmcls - INFO - Saving checkpoint at 13 epochs
2023-02-05 14:25:40,419 - mmcls - INFO - Epoch(val) [13][18]	accuracy_top-1: 91.2587, accuracy_top-5: 100.0000
2023-02-05 14:25:48,449 - mmcls - INFO - Saving checkpoint at 14 epochs
2023-02-05 14:25:49,265 - mmcls - INFO - Epoch(val) [14][18]	accuracy_top-1: 90.7343, accuracy_top-5: 100.0000
2023-02-05 14:25:57,402 - mmcls - INFO - Saving checkpoint at 15 epochs
2023-02-05 14:25:58,213 - mmcls - INFO - Epoch(val) [15][18]	accuracy_top-1: 90.2098, accuracy_top-5: 100.0000
2023-02-05 14:26:06,503 - mmcls - INFO - Saving checkpoint at 16 epochs
2023-02-05 14:26:07,334 - mmcls - INFO - Epoch(val) [16][18]	accuracy_top-1: 92.3077, accuracy_top-5: 100.0000
2023-02-05 14:26:15,264 - mmcls - INFO - Saving checkpoint at 17 epochs
2023-02-05 14:26:16,061 - mmcls - INFO - Epoch(val) [17][18]	accuracy_top-1: 92.6573, accuracy_top-5: 100.0000
2023-02-05 14:26:23,971 - mmcls - INFO - Saving checkpoint at 18 epochs
2023-02-05 14:26:24,770 - mmcls - INFO - Epoch(val) [18][18]	accuracy_top-1: 92.8322, accuracy_top-5: 100.0000
2023-02-05 14:26:33,001 - mmcls - INFO - Saving checkpoint at 19 epochs
2023-02-05 14:26:33,870 - mmcls - INFO - Epoch(val) [19][18]	accuracy_top-1: 92.3077, accuracy_top-5: 100.0000
2023-02-05 14:26:42,172 - mmcls - INFO - Saving checkpoint at 20 epochs
2023-02-05 14:26:42,970 - mmcls - INFO - Epoch(val) [20][18]	accuracy_top-1: 93.7063, accuracy_top-5: 100.0000
2023-02-05 14:26:51,169 - mmcls - INFO - Saving checkpoint at 21 epochs
2023-02-05 14:26:51,994 - mmcls - INFO - Epoch(val) [21][18]	accuracy_top-1: 93.5315, accuracy_top-5: 100.0000
2023-02-05 14:26:59,953 - mmcls - INFO - Saving checkpoint at 22 epochs
2023-02-05 14:27:00,755 - mmcls - INFO - Epoch(val) [22][18]	accuracy_top-1: 92.6573, accuracy_top-5: 100.0000
2023-02-05 14:27:08,864 - mmcls - INFO - Saving checkpoint at 23 epochs
2023-02-05 14:27:09,660 - mmcls - INFO - Epoch(val) [23][18]	accuracy_top-1: 93.7063, accuracy_top-5: 100.0000
2023-02-05 14:27:17,560 - mmcls - INFO - Saving checkpoint at 24 epochs
2023-02-05 14:27:18,356 - mmcls - INFO - Epoch(val) [24][18]	accuracy_top-1: 93.7063, accuracy_top-5: 100.0000
2023-02-05 14:27:26,270 - mmcls - INFO - Saving checkpoint at 25 epochs
2023-02-05 14:27:27,037 - mmcls - INFO - Epoch(val) [25][18]	accuracy_top-1: 93.8811, accuracy_top-5: 100.0000
2023-02-05 14:27:35,107 - mmcls - INFO - Saving checkpoint at 26 epochs
2023-02-05 14:27:35,890 - mmcls - INFO - Epoch(val) [26][18]	accuracy_top-1: 93.1818, accuracy_top-5: 100.0000
2023-02-05 14:27:43,866 - mmcls - INFO - Saving checkpoint at 27 epochs
2023-02-05 14:27:44,655 - mmcls - INFO - Epoch(val) [27][18]	accuracy_top-1: 93.7063, accuracy_top-5: 100.0000
2023-02-05 14:27:52,618 - mmcls - INFO - Saving checkpoint at 28 epochs
2023-02-05 14:27:53,398 - mmcls - INFO - Epoch(val) [28][18]	accuracy_top-1: 93.7063, accuracy_top-5: 100.0000
2023-02-05 14:28:01,396 - mmcls - INFO - Saving checkpoint at 29 epochs
2023-02-05 14:28:02,183 - mmcls - INFO - Epoch(val) [29][18]	accuracy_top-1: 94.2308, accuracy_top-5: 100.0000
2023-02-05 14:28:10,461 - mmcls - INFO - Saving checkpoint at 30 epochs
2023-02-05 14:28:11,268 - mmcls - INFO - Epoch(val) [30][18]	accuracy_top-1: 93.5315, accuracy_top-5: 100.0000
2023-02-05 14:28:19,279 - mmcls - INFO - Saving checkpoint at 31 epochs
2023-02-05 14:28:20,080 - mmcls - INFO - Epoch(val) [31][18]	accuracy_top-1: 94.2308, accuracy_top-5: 100.0000
2023-02-05 14:28:27,993 - mmcls - INFO - Saving checkpoint at 32 epochs
2023-02-05 14:28:28,789 - mmcls - INFO - Epoch(val) [32][18]	accuracy_top-1: 94.9301, accuracy_top-5: 100.0000
2023-02-05 14:28:36,698 - mmcls - INFO - Saving checkpoint at 33 epochs
2023-02-05 14:28:37,514 - mmcls - INFO - Epoch(val) [33][18]	accuracy_top-1: 94.9301, accuracy_top-5: 100.0000
2023-02-05 14:28:45,573 - mmcls - INFO - Saving checkpoint at 34 epochs
2023-02-05 14:28:46,353 - mmcls - INFO - Epoch(val) [34][18]	accuracy_top-1: 94.4056, accuracy_top-5: 100.0000
2023-02-05 14:28:54,311 - mmcls - INFO - Saving checkpoint at 35 epochs
2023-02-05 14:28:55,081 - mmcls - INFO - Epoch(val) [35][18]	accuracy_top-1: 94.5804, accuracy_top-5: 100.0000
2023-02-05 14:29:03,168 - mmcls - INFO - Saving checkpoint at 36 epochs
2023-02-05 14:29:03,941 - mmcls - INFO - Epoch(val) [36][18]	accuracy_top-1: 94.5804, accuracy_top-5: 100.0000
2023-02-05 14:29:11,956 - mmcls - INFO - Saving checkpoint at 37 epochs
2023-02-05 14:29:12,728 - mmcls - INFO - Epoch(val) [37][18]	accuracy_top-1: 94.5804, accuracy_top-5: 100.0000
2023-02-05 14:29:20,680 - mmcls - INFO - Saving checkpoint at 38 epochs
2023-02-05 14:29:21,467 - mmcls - INFO - Epoch(val) [38][18]	accuracy_top-1: 94.7552, accuracy_top-5: 100.0000
2023-02-05 14:29:29,466 - mmcls - INFO - Saving checkpoint at 39 epochs
2023-02-05 14:29:30,279 - mmcls - INFO - Epoch(val) [39][18]	accuracy_top-1: 93.7063, accuracy_top-5: 100.0000
2023-02-05 14:29:38,234 - mmcls - INFO - Saving checkpoint at 40 epochs
2023-02-05 14:29:39,041 - mmcls - INFO - Epoch(val) [40][18]	accuracy_top-1: 93.7063, accuracy_top-5: 100.0000
2023-02-05 14:29:47,007 - mmcls - INFO - Saving checkpoint at 41 epochs
2023-02-05 14:29:47,796 - mmcls - INFO - Epoch(val) [41][18]	accuracy_top-1: 94.2308, accuracy_top-5: 100.0000
2023-02-05 14:29:55,745 - mmcls - INFO - Saving checkpoint at 42 epochs
2023-02-05 14:29:56,551 - mmcls - INFO - Epoch(val) [42][18]	accuracy_top-1: 93.3566, accuracy_top-5: 100.0000
2023-02-05 14:30:04,487 - mmcls - INFO - Saving checkpoint at 43 epochs
2023-02-05 14:30:05,274 - mmcls - INFO - Epoch(val) [43][18]	accuracy_top-1: 93.8811, accuracy_top-5: 100.0000
2023-02-05 14:30:13,258 - mmcls - INFO - Saving checkpoint at 44 epochs
2023-02-05 14:30:14,054 - mmcls - INFO - Epoch(val) [44][18]	accuracy_top-1: 94.5804, accuracy_top-5: 100.0000
2023-02-05 14:30:22,007 - mmcls - INFO - Saving checkpoint at 45 epochs
2023-02-05 14:30:22,815 - mmcls - INFO - Epoch(val) [45][18]	accuracy_top-1: 93.8811, accuracy_top-5: 100.0000
2023-02-05 14:30:30,868 - mmcls - INFO - Saving checkpoint at 46 epochs
2023-02-05 14:30:31,707 - mmcls - INFO - Epoch(val) [46][18]	accuracy_top-1: 94.2308, accuracy_top-5: 100.0000
2023-02-05 14:30:39,665 - mmcls - INFO - Saving checkpoint at 47 epochs
2023-02-05 14:30:40,487 - mmcls - INFO - Epoch(val) [47][18]	accuracy_top-1: 94.4056, accuracy_top-5: 100.0000
2023-02-05 14:30:48,499 - mmcls - INFO - Saving checkpoint at 48 epochs
2023-02-05 14:30:49,290 - mmcls - INFO - Epoch(val) [48][18]	accuracy_top-1: 94.7552, accuracy_top-5: 100.0000
2023-02-05 14:30:57,393 - mmcls - INFO - Saving checkpoint at 49 epochs
2023-02-05 14:30:58,177 - mmcls - INFO - Epoch(val) [49][18]	accuracy_top-1: 94.5804, accuracy_top-5: 100.0000
2023-02-05 14:31:06,467 - mmcls - INFO - Saving checkpoint at 50 epochs
2023-02-05 14:31:07,286 - mmcls - INFO - Epoch(val) [50][18]	accuracy_top-1: 94.9301, accuracy_top-5: 100.0000
2023-02-05 14:31:15,256 - mmcls - INFO - Saving checkpoint at 51 epochs
2023-02-05 14:31:16,030 - mmcls - INFO - Epoch(val) [51][18]	accuracy_top-1: 94.7552, accuracy_top-5: 100.0000
2023-02-05 14:31:23,927 - mmcls - INFO - Saving checkpoint at 52 epochs
2023-02-05 14:31:24,693 - mmcls - INFO - Epoch(val) [52][18]	accuracy_top-1: 94.7552, accuracy_top-5: 100.0000
2023-02-05 14:31:32,609 - mmcls - INFO - Saving checkpoint at 53 epochs
2023-02-05 14:31:33,381 - mmcls - INFO - Epoch(val) [53][18]	accuracy_top-1: 95.6294, accuracy_top-5: 100.0000
2023-02-05 14:31:41,507 - mmcls - INFO - Saving checkpoint at 54 epochs
2023-02-05 14:31:42,289 - mmcls - INFO - Epoch(val) [54][18]	accuracy_top-1: 94.7552, accuracy_top-5: 100.0000
2023-02-05 14:31:50,397 - mmcls - INFO - Saving checkpoint at 55 epochs
2023-02-05 14:31:51,167 - mmcls - INFO - Epoch(val) [55][18]	accuracy_top-1: 94.7552, accuracy_top-5: 100.0000
2023-02-05 14:31:59,251 - mmcls - INFO - Saving checkpoint at 56 epochs
2023-02-05 14:32:00,034 - mmcls - INFO - Epoch(val) [56][18]	accuracy_top-1: 94.5804, accuracy_top-5: 100.0000
2023-02-05 14:32:08,243 - mmcls - INFO - Saving checkpoint at 57 epochs
2023-02-05 14:32:09,035 - mmcls - INFO - Epoch(val) [57][18]	accuracy_top-1: 94.7552, accuracy_top-5: 100.0000
2023-02-05 14:32:17,246 - mmcls - INFO - Saving checkpoint at 58 epochs
2023-02-05 14:32:18,072 - mmcls - INFO - Epoch(val) [58][18]	accuracy_top-1: 94.4056, accuracy_top-5: 100.0000
2023-02-05 14:32:26,273 - mmcls - INFO - Saving checkpoint at 59 epochs
2023-02-05 14:32:27,052 - mmcls - INFO - Epoch(val) [59][18]	accuracy_top-1: 94.7552, accuracy_top-5: 100.0000
2023-02-05 14:32:35,087 - mmcls - INFO - Saving checkpoint at 60 epochs
2023-02-05 14:32:35,861 - mmcls - INFO - Epoch(val) [60][18]	accuracy_top-1: 94.4056, accuracy_top-5: 100.0000
2023-02-05 14:32:43,933 - mmcls - INFO - Saving checkpoint at 61 epochs
2023-02-05 14:32:44,738 - mmcls - INFO - Epoch(val) [61][18]	accuracy_top-1: 94.5804, accuracy_top-5: 100.0000
2023-02-05 14:32:53,031 - mmcls - INFO - Saving checkpoint at 62 epochs
2023-02-05 14:32:53,846 - mmcls - INFO - Epoch(val) [62][18]	accuracy_top-1: 94.7552, accuracy_top-5: 100.0000
2023-02-05 14:33:01,784 - mmcls - INFO - Saving checkpoint at 63 epochs
2023-02-05 14:33:02,570 - mmcls - INFO - Epoch(val) [63][18]	accuracy_top-1: 94.7552, accuracy_top-5: 100.0000
2023-02-05 14:33:10,787 - mmcls - INFO - Saving checkpoint at 64 epochs
2023-02-05 14:33:11,589 - mmcls - INFO - Epoch(val) [64][18]	accuracy_top-1: 95.1049, accuracy_top-5: 100.0000
2023-02-05 14:33:19,649 - mmcls - INFO - Saving checkpoint at 65 epochs
2023-02-05 14:33:20,427 - mmcls - INFO - Epoch(val) [65][18]	accuracy_top-1: 95.2797, accuracy_top-5: 100.0000
2023-02-05 14:33:28,610 - mmcls - INFO - Saving checkpoint at 66 epochs
2023-02-05 14:33:29,379 - mmcls - INFO - Epoch(val) [66][18]	accuracy_top-1: 95.1049, accuracy_top-5: 100.0000
2023-02-05 14:33:37,541 - mmcls - INFO - Saving checkpoint at 67 epochs
2023-02-05 14:33:38,364 - mmcls - INFO - Epoch(val) [67][18]	accuracy_top-1: 95.1049, accuracy_top-5: 100.0000
2023-02-05 14:33:46,491 - mmcls - INFO - Saving checkpoint at 68 epochs
2023-02-05 14:33:47,270 - mmcls - INFO - Epoch(val) [68][18]	accuracy_top-1: 95.4545, accuracy_top-5: 100.0000
2023-02-05 14:33:55,466 - mmcls - INFO - Saving checkpoint at 69 epochs
2023-02-05 14:33:56,250 - mmcls - INFO - Epoch(val) [69][18]	accuracy_top-1: 95.2797, accuracy_top-5: 100.0000
2023-02-05 14:34:04,288 - mmcls - INFO - Saving checkpoint at 70 epochs
2023-02-05 14:34:05,092 - mmcls - INFO - Epoch(val) [70][18]	accuracy_top-1: 95.6294, accuracy_top-5: 100.0000
2023-02-05 14:34:13,251 - mmcls - INFO - Saving checkpoint at 71 epochs
2023-02-05 14:34:14,042 - mmcls - INFO - Epoch(val) [71][18]	accuracy_top-1: 94.9301, accuracy_top-5: 100.0000
2023-02-05 14:34:22,145 - mmcls - INFO - Saving checkpoint at 72 epochs
2023-02-05 14:34:22,962 - mmcls - INFO - Epoch(val) [72][18]	accuracy_top-1: 95.8042, accuracy_top-5: 100.0000
2023-02-05 14:34:31,084 - mmcls - INFO - Saving checkpoint at 73 epochs
2023-02-05 14:34:31,867 - mmcls - INFO - Epoch(val) [73][18]	accuracy_top-1: 95.2797, accuracy_top-5: 100.0000
2023-02-05 14:34:40,113 - mmcls - INFO - Saving checkpoint at 74 epochs
2023-02-05 14:34:40,898 - mmcls - INFO - Epoch(val) [74][18]	accuracy_top-1: 95.1049, accuracy_top-5: 100.0000
2023-02-05 14:34:48,967 - mmcls - INFO - Saving checkpoint at 75 epochs
2023-02-05 14:34:49,741 - mmcls - INFO - Epoch(val) [75][18]	accuracy_top-1: 95.9790, accuracy_top-5: 100.0000
2023-02-05 14:34:57,826 - mmcls - INFO - Saving checkpoint at 76 epochs
2023-02-05 14:34:58,621 - mmcls - INFO - Epoch(val) [76][18]	accuracy_top-1: 95.2797, accuracy_top-5: 100.0000
2023-02-05 14:35:06,644 - mmcls - INFO - Saving checkpoint at 77 epochs
2023-02-05 14:35:07,441 - mmcls - INFO - Epoch(val) [77][18]	accuracy_top-1: 95.4545, accuracy_top-5: 100.0000
2023-02-05 14:35:15,496 - mmcls - INFO - Saving checkpoint at 78 epochs
2023-02-05 14:35:16,304 - mmcls - INFO - Epoch(val) [78][18]	accuracy_top-1: 95.8042, accuracy_top-5: 100.0000
2023-02-05 14:35:24,426 - mmcls - INFO - Saving checkpoint at 79 epochs
2023-02-05 14:35:25,245 - mmcls - INFO - Epoch(val) [79][18]	accuracy_top-1: 95.1049, accuracy_top-5: 100.0000
2023-02-05 14:35:33,505 - mmcls - INFO - Saving checkpoint at 80 epochs
2023-02-05 14:35:34,314 - mmcls - INFO - Epoch(val) [80][18]	accuracy_top-1: 95.6294, accuracy_top-5: 100.0000
2023-02-05 14:35:42,493 - mmcls - INFO - Saving checkpoint at 81 epochs
2023-02-05 14:35:43,298 - mmcls - INFO - Epoch(val) [81][18]	accuracy_top-1: 95.4545, accuracy_top-5: 100.0000
2023-02-05 14:35:51,334 - mmcls - INFO - Saving checkpoint at 82 epochs
2023-02-05 14:35:52,148 - mmcls - INFO - Epoch(val) [82][18]	accuracy_top-1: 95.8042, accuracy_top-5: 100.0000
2023-02-05 14:36:00,347 - mmcls - INFO - Saving checkpoint at 83 epochs
2023-02-05 14:36:01,152 - mmcls - INFO - Epoch(val) [83][18]	accuracy_top-1: 95.8042, accuracy_top-5: 100.0000
2023-02-05 14:36:09,381 - mmcls - INFO - Saving checkpoint at 84 epochs
2023-02-05 14:36:10,187 - mmcls - INFO - Epoch(val) [84][18]	accuracy_top-1: 95.6294, accuracy_top-5: 100.0000
2023-02-05 14:36:18,262 - mmcls - INFO - Saving checkpoint at 85 epochs
2023-02-05 14:36:19,073 - mmcls - INFO - Epoch(val) [85][18]	accuracy_top-1: 95.1049, accuracy_top-5: 100.0000
2023-02-05 14:36:27,263 - mmcls - INFO - Saving checkpoint at 86 epochs
2023-02-05 14:36:28,097 - mmcls - INFO - Epoch(val) [86][18]	accuracy_top-1: 95.8042, accuracy_top-5: 100.0000
2023-02-05 14:36:36,312 - mmcls - INFO - Saving checkpoint at 87 epochs
2023-02-05 14:36:37,141 - mmcls - INFO - Epoch(val) [87][18]	accuracy_top-1: 96.5035, accuracy_top-5: 100.0000
2023-02-05 14:36:45,183 - mmcls - INFO - Saving checkpoint at 88 epochs
2023-02-05 14:36:46,000 - mmcls - INFO - Epoch(val) [88][18]	accuracy_top-1: 95.9790, accuracy_top-5: 100.0000
2023-02-05 14:36:54,095 - mmcls - INFO - Saving checkpoint at 89 epochs
2023-02-05 14:36:54,914 - mmcls - INFO - Epoch(val) [89][18]	accuracy_top-1: 95.8042, accuracy_top-5: 100.0000
2023-02-05 14:37:03,151 - mmcls - INFO - Saving checkpoint at 90 epochs
2023-02-05 14:37:03,969 - mmcls - INFO - Epoch(val) [90][18]	accuracy_top-1: 95.8042, accuracy_top-5: 100.0000
2023-02-05 14:37:12,016 - mmcls - INFO - Saving checkpoint at 91 epochs
2023-02-05 14:37:12,818 - mmcls - INFO - Epoch(val) [91][18]	accuracy_top-1: 95.8042, accuracy_top-5: 100.0000
2023-02-05 14:37:20,926 - mmcls - INFO - Saving checkpoint at 92 epochs
2023-02-05 14:37:21,731 - mmcls - INFO - Epoch(val) [92][18]	accuracy_top-1: 95.1049, accuracy_top-5: 100.0000
2023-02-05 14:37:29,839 - mmcls - INFO - Saving checkpoint at 93 epochs
2023-02-05 14:37:30,647 - mmcls - INFO - Epoch(val) [93][18]	accuracy_top-1: 95.8042, accuracy_top-5: 100.0000
2023-02-05 14:37:38,745 - mmcls - INFO - Saving checkpoint at 94 epochs
2023-02-05 14:37:39,575 - mmcls - INFO - Epoch(val) [94][18]	accuracy_top-1: 95.9790, accuracy_top-5: 100.0000
2023-02-05 14:37:47,539 - mmcls - INFO - Saving checkpoint at 95 epochs
2023-02-05 14:37:48,332 - mmcls - INFO - Epoch(val) [95][18]	accuracy_top-1: 95.6294, accuracy_top-5: 100.0000
2023-02-05 14:37:56,291 - mmcls - INFO - Saving checkpoint at 96 epochs
2023-02-05 14:37:57,109 - mmcls - INFO - Epoch(val) [96][18]	accuracy_top-1: 94.7552, accuracy_top-5: 100.0000
2023-02-05 14:38:05,094 - mmcls - INFO - Saving checkpoint at 97 epochs
2023-02-05 14:38:05,893 - mmcls - INFO - Epoch(val) [97][18]	accuracy_top-1: 96.1538, accuracy_top-5: 100.0000
2023-02-05 14:38:13,861 - mmcls - INFO - Saving checkpoint at 98 epochs
2023-02-05 14:38:14,655 - mmcls - INFO - Epoch(val) [98][18]	accuracy_top-1: 95.9790, accuracy_top-5: 100.0000
2023-02-05 14:38:22,642 - mmcls - INFO - Saving checkpoint at 99 epochs
2023-02-05 14:38:23,437 - mmcls - INFO - Epoch(val) [99][18]	accuracy_top-1: 96.3287, accuracy_top-5: 100.0000
2023-02-05 14:38:31,399 - mmcls - INFO - Saving checkpoint at 100 epochs
2023-02-05 14:38:32,237 - mmcls - INFO - Epoch(val) [100][18]	accuracy_top-1: 96.1538, accuracy_top-5: 100.0000
2023-02-05 14:38:40,408 - mmcls - INFO - Saving checkpoint at 101 epochs
2023-02-05 14:38:41,250 - mmcls - INFO - Epoch(val) [101][18]	accuracy_top-1: 96.1538, accuracy_top-5: 100.0000
2023-02-05 14:38:49,255 - mmcls - INFO - Saving checkpoint at 102 epochs
2023-02-05 14:38:50,071 - mmcls - INFO - Epoch(val) [102][18]	accuracy_top-1: 96.1538, accuracy_top-5: 100.0000
2023-02-05 14:38:58,239 - mmcls - INFO - Saving checkpoint at 103 epochs
2023-02-05 14:38:59,060 - mmcls - INFO - Epoch(val) [103][18]	accuracy_top-1: 96.3287, accuracy_top-5: 100.0000
2023-02-05 14:39:06,979 - mmcls - INFO - Saving checkpoint at 104 epochs
2023-02-05 14:39:07,775 - mmcls - INFO - Epoch(val) [104][18]	accuracy_top-1: 96.3287, accuracy_top-5: 100.0000
2023-02-05 14:39:15,867 - mmcls - INFO - Saving checkpoint at 105 epochs
2023-02-05 14:39:16,673 - mmcls - INFO - Epoch(val) [105][18]	accuracy_top-1: 96.5035, accuracy_top-5: 100.0000
2023-02-05 14:39:24,881 - mmcls - INFO - Saving checkpoint at 106 epochs
2023-02-05 14:39:25,710 - mmcls - INFO - Epoch(val) [106][18]	accuracy_top-1: 96.3287, accuracy_top-5: 100.0000
2023-02-05 14:39:33,943 - mmcls - INFO - Saving checkpoint at 107 epochs
2023-02-05 14:39:34,764 - mmcls - INFO - Epoch(val) [107][18]	accuracy_top-1: 95.9790, accuracy_top-5: 100.0000
2023-02-05 14:39:42,764 - mmcls - INFO - Saving checkpoint at 108 epochs
2023-02-05 14:39:43,561 - mmcls - INFO - Epoch(val) [108][18]	accuracy_top-1: 95.9790, accuracy_top-5: 100.0000
2023-02-05 14:39:51,438 - mmcls - INFO - Saving checkpoint at 109 epochs
2023-02-05 14:39:52,253 - mmcls - INFO - Epoch(val) [109][18]	accuracy_top-1: 95.8042, accuracy_top-5: 100.0000
2023-02-05 14:40:00,130 - mmcls - INFO - Saving checkpoint at 110 epochs
2023-02-05 14:40:00,927 - mmcls - INFO - Epoch(val) [110][18]	accuracy_top-1: 96.3287, accuracy_top-5: 100.0000
2023-02-05 14:40:08,812 - mmcls - INFO - Saving checkpoint at 111 epochs
2023-02-05 14:40:09,611 - mmcls - INFO - Epoch(val) [111][18]	accuracy_top-1: 95.1049, accuracy_top-5: 100.0000
2023-02-05 14:40:17,488 - mmcls - INFO - Saving checkpoint at 112 epochs
2023-02-05 14:40:18,287 - mmcls - INFO - Epoch(val) [112][18]	accuracy_top-1: 96.6783, accuracy_top-5: 100.0000
2023-02-05 14:40:26,184 - mmcls - INFO - Saving checkpoint at 113 epochs
2023-02-05 14:40:26,980 - mmcls - INFO - Epoch(val) [113][18]	accuracy_top-1: 95.8042, accuracy_top-5: 100.0000
2023-02-05 14:40:34,875 - mmcls - INFO - Saving checkpoint at 114 epochs
2023-02-05 14:40:35,666 - mmcls - INFO - Epoch(val) [114][18]	accuracy_top-1: 95.4545, accuracy_top-5: 100.0000
2023-02-05 14:40:43,554 - mmcls - INFO - Saving checkpoint at 115 epochs
2023-02-05 14:40:44,339 - mmcls - INFO - Epoch(val) [115][18]	accuracy_top-1: 95.8042, accuracy_top-5: 100.0000
2023-02-05 14:40:52,214 - mmcls - INFO - Saving checkpoint at 116 epochs
2023-02-05 14:40:53,006 - mmcls - INFO - Epoch(val) [116][18]	accuracy_top-1: 96.5035, accuracy_top-5: 100.0000
2023-02-05 14:41:00,889 - mmcls - INFO - Saving checkpoint at 117 epochs
2023-02-05 14:41:01,684 - mmcls - INFO - Epoch(val) [117][18]	accuracy_top-1: 95.9790, accuracy_top-5: 100.0000
2023-02-05 14:41:09,556 - mmcls - INFO - Saving checkpoint at 118 epochs
2023-02-05 14:41:10,344 - mmcls - INFO - Epoch(val) [118][18]	accuracy_top-1: 96.5035, accuracy_top-5: 100.0000
2023-02-05 14:41:18,225 - mmcls - INFO - Saving checkpoint at 119 epochs
2023-02-05 14:41:19,010 - mmcls - INFO - Epoch(val) [119][18]	accuracy_top-1: 95.8042, accuracy_top-5: 100.0000
2023-02-05 14:41:26,962 - mmcls - INFO - Saving checkpoint at 120 epochs
2023-02-05 14:41:27,774 - mmcls - INFO - Epoch(val) [120][18]	accuracy_top-1: 95.6294, accuracy_top-5: 100.0000
2023-02-05 14:41:36,094 - mmcls - INFO - Saving checkpoint at 121 epochs
2023-02-05 14:41:36,894 - mmcls - INFO - Epoch(val) [121][18]	accuracy_top-1: 95.8042, accuracy_top-5: 100.0000
2023-02-05 14:41:44,942 - mmcls - INFO - Saving checkpoint at 122 epochs
2023-02-05 14:41:45,768 - mmcls - INFO - Epoch(val) [122][18]	accuracy_top-1: 95.1049, accuracy_top-5: 100.0000
2023-02-05 14:41:53,834 - mmcls - INFO - Saving checkpoint at 123 epochs
2023-02-05 14:41:54,639 - mmcls - INFO - Epoch(val) [123][18]	accuracy_top-1: 95.6294, accuracy_top-5: 100.0000
2023-02-05 14:42:02,750 - mmcls - INFO - Saving checkpoint at 124 epochs
2023-02-05 14:42:03,540 - mmcls - INFO - Epoch(val) [124][18]	accuracy_top-1: 96.1538, accuracy_top-5: 100.0000
2023-02-05 14:42:11,473 - mmcls - INFO - Saving checkpoint at 125 epochs
2023-02-05 14:42:12,262 - mmcls - INFO - Epoch(val) [125][18]	accuracy_top-1: 95.6294, accuracy_top-5: 100.0000
2023-02-05 14:42:20,486 - mmcls - INFO - Saving checkpoint at 126 epochs
2023-02-05 14:42:21,303 - mmcls - INFO - Epoch(val) [126][18]	accuracy_top-1: 95.6294, accuracy_top-5: 100.0000
2023-02-05 14:42:29,347 - mmcls - INFO - Saving checkpoint at 127 epochs
2023-02-05 14:42:30,152 - mmcls - INFO - Epoch(val) [127][18]	accuracy_top-1: 96.1538, accuracy_top-5: 100.0000
2023-02-05 14:42:38,203 - mmcls - INFO - Saving checkpoint at 128 epochs
2023-02-05 14:42:38,992 - mmcls - INFO - Epoch(val) [128][18]	accuracy_top-1: 95.6294, accuracy_top-5: 100.0000
2023-02-05 14:42:46,987 - mmcls - INFO - Saving checkpoint at 129 epochs
2023-02-05 14:42:47,778 - mmcls - INFO - Epoch(val) [129][18]	accuracy_top-1: 96.1538, accuracy_top-5: 100.0000
2023-02-05 14:42:55,722 - mmcls - INFO - Saving checkpoint at 130 epochs
2023-02-05 14:42:56,492 - mmcls - INFO - Epoch(val) [130][18]	accuracy_top-1: 96.3287, accuracy_top-5: 100.0000
2023-02-05 14:43:04,459 - mmcls - INFO - Saving checkpoint at 131 epochs
2023-02-05 14:43:05,246 - mmcls - INFO - Epoch(val) [131][18]	accuracy_top-1: 95.8042, accuracy_top-5: 100.0000
2023-02-05 14:43:13,310 - mmcls - INFO - Saving checkpoint at 132 epochs
2023-02-05 14:43:14,087 - mmcls - INFO - Epoch(val) [132][18]	accuracy_top-1: 96.1538, accuracy_top-5: 100.0000
2023-02-05 14:43:22,026 - mmcls - INFO - Saving checkpoint at 133 epochs
2023-02-05 14:43:22,802 - mmcls - INFO - Epoch(val) [133][18]	accuracy_top-1: 95.4545, accuracy_top-5: 100.0000
2023-02-05 14:43:30,824 - mmcls - INFO - Saving checkpoint at 134 epochs
2023-02-05 14:43:31,603 - mmcls - INFO - Epoch(val) [134][18]	accuracy_top-1: 95.9790, accuracy_top-5: 100.0000
2023-02-05 14:43:39,604 - mmcls - INFO - Saving checkpoint at 135 epochs
2023-02-05 14:43:40,390 - mmcls - INFO - Epoch(val) [135][18]	accuracy_top-1: 95.4545, accuracy_top-5: 100.0000
2023-02-05 14:43:48,337 - mmcls - INFO - Saving checkpoint at 136 epochs
2023-02-05 14:43:49,121 - mmcls - INFO - Epoch(val) [136][18]	accuracy_top-1: 95.4545, accuracy_top-5: 100.0000
2023-02-05 14:43:57,243 - mmcls - INFO - Saving checkpoint at 137 epochs
2023-02-05 14:43:58,033 - mmcls - INFO - Epoch(val) [137][18]	accuracy_top-1: 96.3287, accuracy_top-5: 100.0000
2023-02-05 14:44:06,144 - mmcls - INFO - Saving checkpoint at 138 epochs
2023-02-05 14:44:06,925 - mmcls - INFO - Epoch(val) [138][18]	accuracy_top-1: 95.8042, accuracy_top-5: 100.0000
2023-02-05 14:44:14,970 - mmcls - INFO - Saving checkpoint at 139 epochs
2023-02-05 14:44:15,759 - mmcls - INFO - Epoch(val) [139][18]	accuracy_top-1: 95.1049, accuracy_top-5: 100.0000
2023-02-05 14:44:23,714 - mmcls - INFO - Saving checkpoint at 140 epochs
2023-02-05 14:44:24,481 - mmcls - INFO - Epoch(val) [140][18]	accuracy_top-1: 95.1049, accuracy_top-5: 100.0000
2023-02-05 14:44:32,630 - mmcls - INFO - Saving checkpoint at 141 epochs
2023-02-05 14:44:33,440 - mmcls - INFO - Epoch(val) [141][18]	accuracy_top-1: 95.9790, accuracy_top-5: 100.0000
2023-02-05 14:44:41,535 - mmcls - INFO - Saving checkpoint at 142 epochs
2023-02-05 14:44:42,317 - mmcls - INFO - Epoch(val) [142][18]	accuracy_top-1: 95.6294, accuracy_top-5: 100.0000
2023-02-05 14:44:50,456 - mmcls - INFO - Saving checkpoint at 143 epochs
2023-02-05 14:44:51,258 - mmcls - INFO - Epoch(val) [143][18]	accuracy_top-1: 95.9790, accuracy_top-5: 100.0000
2023-02-05 14:44:59,217 - mmcls - INFO - Saving checkpoint at 144 epochs
2023-02-05 14:45:00,014 - mmcls - INFO - Epoch(val) [144][18]	accuracy_top-1: 95.9790, accuracy_top-5: 100.0000
2023-02-05 14:45:08,085 - mmcls - INFO - Saving checkpoint at 145 epochs
2023-02-05 14:45:08,883 - mmcls - INFO - Epoch(val) [145][18]	accuracy_top-1: 96.3287, accuracy_top-5: 100.0000
2023-02-05 14:45:16,966 - mmcls - INFO - Saving checkpoint at 146 epochs
2023-02-05 14:45:17,759 - mmcls - INFO - Epoch(val) [146][18]	accuracy_top-1: 96.3287, accuracy_top-5: 100.0000
2023-02-05 14:45:25,794 - mmcls - INFO - Saving checkpoint at 147 epochs
2023-02-05 14:45:26,605 - mmcls - INFO - Epoch(val) [147][18]	accuracy_top-1: 96.1538, accuracy_top-5: 100.0000
2023-02-05 14:45:34,659 - mmcls - INFO - Saving checkpoint at 148 epochs
2023-02-05 14:45:35,462 - mmcls - INFO - Epoch(val) [148][18]	accuracy_top-1: 95.4545, accuracy_top-5: 100.0000
2023-02-05 14:45:43,608 - mmcls - INFO - Saving checkpoint at 149 epochs
2023-02-05 14:45:44,433 - mmcls - INFO - Epoch(val) [149][18]	accuracy_top-1: 95.2797, accuracy_top-5: 100.0000
2023-02-05 14:45:52,659 - mmcls - INFO - Saving checkpoint at 150 epochs
2023-02-05 14:45:53,497 - mmcls - INFO - Epoch(val) [150][18]	accuracy_top-1: 95.4545, accuracy_top-5: 100.0000
2023-02-05 14:46:01,626 - mmcls - INFO - Saving checkpoint at 151 epochs
2023-02-05 14:46:02,438 - mmcls - INFO - Epoch(val) [151][18]	accuracy_top-1: 96.1538, accuracy_top-5: 100.0000
2023-02-05 14:46:10,792 - mmcls - INFO - Saving checkpoint at 152 epochs
2023-02-05 14:46:11,621 - mmcls - INFO - Epoch(val) [152][18]	accuracy_top-1: 96.3287, accuracy_top-5: 100.0000
2023-02-05 14:46:19,966 - mmcls - INFO - Saving checkpoint at 153 epochs
2023-02-05 14:46:20,794 - mmcls - INFO - Epoch(val) [153][18]	accuracy_top-1: 95.2797, accuracy_top-5: 100.0000
2023-02-05 14:46:28,918 - mmcls - INFO - Saving checkpoint at 154 epochs
2023-02-05 14:46:29,719 - mmcls - INFO - Epoch(val) [154][18]	accuracy_top-1: 95.9790, accuracy_top-5: 100.0000
2023-02-05 14:46:37,845 - mmcls - INFO - Saving checkpoint at 155 epochs
2023-02-05 14:46:38,672 - mmcls - INFO - Epoch(val) [155][18]	accuracy_top-1: 96.6783, accuracy_top-5: 100.0000
2023-02-05 14:46:46,772 - mmcls - INFO - Saving checkpoint at 156 epochs
2023-02-05 14:46:47,581 - mmcls - INFO - Epoch(val) [156][18]	accuracy_top-1: 95.6294, accuracy_top-5: 100.0000
2023-02-05 14:46:55,949 - mmcls - INFO - Saving checkpoint at 157 epochs
2023-02-05 14:46:56,759 - mmcls - INFO - Epoch(val) [157][18]	accuracy_top-1: 96.1538, accuracy_top-5: 100.0000
2023-02-05 14:47:05,035 - mmcls - INFO - Saving checkpoint at 158 epochs
2023-02-05 14:47:05,853 - mmcls - INFO - Epoch(val) [158][18]	accuracy_top-1: 95.8042, accuracy_top-5: 100.0000
2023-02-05 14:47:14,282 - mmcls - INFO - Saving checkpoint at 159 epochs
2023-02-05 14:47:15,100 - mmcls - INFO - Epoch(val) [159][18]	accuracy_top-1: 95.9790, accuracy_top-5: 100.0000
2023-02-05 14:47:23,286 - mmcls - INFO - Saving checkpoint at 160 epochs
2023-02-05 14:47:24,098 - mmcls - INFO - Epoch(val) [160][18]	accuracy_top-1: 95.9790, accuracy_top-5: 100.0000
2023-02-05 14:47:32,044 - mmcls - INFO - Saving checkpoint at 161 epochs
2023-02-05 14:47:32,860 - mmcls - INFO - Epoch(val) [161][18]	accuracy_top-1: 95.6294, accuracy_top-5: 100.0000
2023-02-05 14:47:41,063 - mmcls - INFO - Saving checkpoint at 162 epochs
2023-02-05 14:47:41,925 - mmcls - INFO - Epoch(val) [162][18]	accuracy_top-1: 95.4545, accuracy_top-5: 100.0000
2023-02-05 14:47:50,217 - mmcls - INFO - Saving checkpoint at 163 epochs
2023-02-05 14:47:51,032 - mmcls - INFO - Epoch(val) [163][18]	accuracy_top-1: 94.9301, accuracy_top-5: 100.0000
2023-02-05 14:47:59,098 - mmcls - INFO - Saving checkpoint at 164 epochs
2023-02-05 14:47:59,901 - mmcls - INFO - Epoch(val) [164][18]	accuracy_top-1: 95.6294, accuracy_top-5: 100.0000
2023-02-05 14:48:07,882 - mmcls - INFO - Saving checkpoint at 165 epochs
2023-02-05 14:48:08,674 - mmcls - INFO - Epoch(val) [165][18]	accuracy_top-1: 95.2797, accuracy_top-5: 100.0000
2023-02-05 14:48:16,762 - mmcls - INFO - Saving checkpoint at 166 epochs
2023-02-05 14:48:17,585 - mmcls - INFO - Epoch(val) [166][18]	accuracy_top-1: 95.4545, accuracy_top-5: 100.0000
2023-02-05 14:48:25,680 - mmcls - INFO - Saving checkpoint at 167 epochs
2023-02-05 14:48:26,489 - mmcls - INFO - Epoch(val) [167][18]	accuracy_top-1: 95.6294, accuracy_top-5: 100.0000
2023-02-05 14:48:34,591 - mmcls - INFO - Saving checkpoint at 168 epochs
2023-02-05 14:48:35,397 - mmcls - INFO - Epoch(val) [168][18]	accuracy_top-1: 95.8042, accuracy_top-5: 100.0000
2023-02-05 14:48:43,436 - mmcls - INFO - Saving checkpoint at 169 epochs
2023-02-05 14:48:44,249 - mmcls - INFO - Epoch(val) [169][18]	accuracy_top-1: 95.8042, accuracy_top-5: 100.0000
2023-02-05 14:48:52,382 - mmcls - INFO - Saving checkpoint at 170 epochs
2023-02-05 14:48:53,166 - mmcls - INFO - Epoch(val) [170][18]	accuracy_top-1: 96.3287, accuracy_top-5: 100.0000
2023-02-05 14:49:01,172 - mmcls - INFO - Saving checkpoint at 171 epochs
2023-02-05 14:49:01,991 - mmcls - INFO - Epoch(val) [171][18]	accuracy_top-1: 95.4545, accuracy_top-5: 100.0000
2023-02-05 14:49:10,036 - mmcls - INFO - Saving checkpoint at 172 epochs
2023-02-05 14:49:10,849 - mmcls - INFO - Epoch(val) [172][18]	accuracy_top-1: 95.4545, accuracy_top-5: 100.0000
2023-02-05 14:49:18,922 - mmcls - INFO - Saving checkpoint at 173 epochs
2023-02-05 14:49:19,729 - mmcls - INFO - Epoch(val) [173][18]	accuracy_top-1: 94.5804, accuracy_top-5: 100.0000
2023-02-05 14:49:27,806 - mmcls - INFO - Saving checkpoint at 174 epochs
2023-02-05 14:49:28,619 - mmcls - INFO - Epoch(val) [174][18]	accuracy_top-1: 95.6294, accuracy_top-5: 100.0000
2023-02-05 14:49:36,727 - mmcls - INFO - Saving checkpoint at 175 epochs
2023-02-05 14:49:37,543 - mmcls - INFO - Epoch(val) [175][18]	accuracy_top-1: 96.5035, accuracy_top-5: 100.0000
2023-02-05 14:49:45,596 - mmcls - INFO - Saving checkpoint at 176 epochs
2023-02-05 14:49:46,403 - mmcls - INFO - Epoch(val) [176][18]	accuracy_top-1: 96.3287, accuracy_top-5: 100.0000
2023-02-05 14:49:54,429 - mmcls - INFO - Saving checkpoint at 177 epochs
2023-02-05 14:49:55,230 - mmcls - INFO - Epoch(val) [177][18]	accuracy_top-1: 95.4545, accuracy_top-5: 100.0000
2023-02-05 14:50:03,302 - mmcls - INFO - Saving checkpoint at 178 epochs
2023-02-05 14:50:04,115 - mmcls - INFO - Epoch(val) [178][18]	accuracy_top-1: 95.6294, accuracy_top-5: 100.0000
2023-02-05 14:50:12,100 - mmcls - INFO - Saving checkpoint at 179 epochs
2023-02-05 14:50:12,897 - mmcls - INFO - Epoch(val) [179][18]	accuracy_top-1: 95.6294, accuracy_top-5: 100.0000
2023-02-05 14:50:20,960 - mmcls - INFO - Saving checkpoint at 180 epochs
2023-02-05 14:50:21,771 - mmcls - INFO - Epoch(val) [180][18]	accuracy_top-1: 95.2797, accuracy_top-5: 100.0000
2023-02-05 14:50:29,804 - mmcls - INFO - Saving checkpoint at 181 epochs
2023-02-05 14:50:30,608 - mmcls - INFO - Epoch(val) [181][18]	accuracy_top-1: 95.9790, accuracy_top-5: 100.0000
2023-02-05 14:50:38,648 - mmcls - INFO - Saving checkpoint at 182 epochs
2023-02-05 14:50:39,461 - mmcls - INFO - Epoch(val) [182][18]	accuracy_top-1: 96.1538, accuracy_top-5: 100.0000
2023-02-05 14:50:47,955 - mmcls - INFO - Saving checkpoint at 183 epochs
2023-02-05 14:50:48,751 - mmcls - INFO - Epoch(val) [183][18]	accuracy_top-1: 95.1049, accuracy_top-5: 100.0000
2023-02-05 14:50:56,750 - mmcls - INFO - Saving checkpoint at 184 epochs
2023-02-05 14:50:57,547 - mmcls - INFO - Epoch(val) [184][18]	accuracy_top-1: 96.3287, accuracy_top-5: 100.0000
2023-02-05 14:51:05,662 - mmcls - INFO - Saving checkpoint at 185 epochs
2023-02-05 14:51:06,501 - mmcls - INFO - Epoch(val) [185][18]	accuracy_top-1: 94.7552, accuracy_top-5: 100.0000
2023-02-05 14:51:14,500 - mmcls - INFO - Saving checkpoint at 186 epochs
2023-02-05 14:51:15,294 - mmcls - INFO - Epoch(val) [186][18]	accuracy_top-1: 95.8042, accuracy_top-5: 100.0000
2023-02-05 14:51:23,467 - mmcls - INFO - Saving checkpoint at 187 epochs
2023-02-05 14:51:24,278 - mmcls - INFO - Epoch(val) [187][18]	accuracy_top-1: 96.5035, accuracy_top-5: 100.0000
2023-02-05 14:51:32,279 - mmcls - INFO - Saving checkpoint at 188 epochs
2023-02-05 14:51:33,075 - mmcls - INFO - Epoch(val) [188][18]	accuracy_top-1: 96.5035, accuracy_top-5: 100.0000
2023-02-05 14:51:41,086 - mmcls - INFO - Saving checkpoint at 189 epochs
2023-02-05 14:51:41,882 - mmcls - INFO - Epoch(val) [189][18]	accuracy_top-1: 95.8042, accuracy_top-5: 100.0000
2023-02-05 14:51:50,121 - mmcls - INFO - Saving checkpoint at 190 epochs
2023-02-05 14:51:50,935 - mmcls - INFO - Epoch(val) [190][18]	accuracy_top-1: 95.6294, accuracy_top-5: 100.0000
2023-02-05 14:51:58,928 - mmcls - INFO - Saving checkpoint at 191 epochs
2023-02-05 14:51:59,728 - mmcls - INFO - Epoch(val) [191][18]	accuracy_top-1: 95.4545, accuracy_top-5: 100.0000
2023-02-05 14:52:07,712 - mmcls - INFO - Saving checkpoint at 192 epochs
2023-02-05 14:52:08,524 - mmcls - INFO - Epoch(val) [192][18]	accuracy_top-1: 95.4545, accuracy_top-5: 100.0000
2023-02-05 14:52:16,571 - mmcls - INFO - Saving checkpoint at 193 epochs
2023-02-05 14:52:17,394 - mmcls - INFO - Epoch(val) [193][18]	accuracy_top-1: 95.8042, accuracy_top-5: 100.0000
2023-02-05 14:52:25,363 - mmcls - INFO - Saving checkpoint at 194 epochs
2023-02-05 14:52:26,182 - mmcls - INFO - Epoch(val) [194][18]	accuracy_top-1: 96.1538, accuracy_top-5: 100.0000
2023-02-05 14:52:34,145 - mmcls - INFO - Saving checkpoint at 195 epochs
2023-02-05 14:52:34,964 - mmcls - INFO - Epoch(val) [195][18]	accuracy_top-1: 95.9790, accuracy_top-5: 100.0000
2023-02-05 14:52:42,929 - mmcls - INFO - Saving checkpoint at 196 epochs
2023-02-05 14:52:43,718 - mmcls - INFO - Epoch(val) [196][18]	accuracy_top-1: 96.1538, accuracy_top-5: 100.0000
2023-02-05 14:52:51,649 - mmcls - INFO - Saving checkpoint at 197 epochs
2023-02-05 14:52:52,451 - mmcls - INFO - Epoch(val) [197][18]	accuracy_top-1: 95.9790, accuracy_top-5: 100.0000
2023-02-05 14:53:00,403 - mmcls - INFO - Saving checkpoint at 198 epochs
2023-02-05 14:53:01,191 - mmcls - INFO - Epoch(val) [198][18]	accuracy_top-1: 95.1049, accuracy_top-5: 100.0000
2023-02-05 14:53:09,117 - mmcls - INFO - Saving checkpoint at 199 epochs
2023-02-05 14:53:09,903 - mmcls - INFO - Epoch(val) [199][18]	accuracy_top-1: 95.8042, accuracy_top-5: 100.0000
2023-02-05 14:53:17,862 - mmcls - INFO - Saving checkpoint at 200 epochs
2023-02-05 14:53:18,649 - mmcls - INFO - Epoch(val) [200][18]	accuracy_top-1: 95.2797, accuracy_top-5: 100.0000
